[debug] [2025-12-02T09:12:17.583Z] ----------------------------------------------------------------------
[debug] [2025-12-02T09:12:17.587Z] Command:       /usr/local/bin/node /usr/local/bin/firebase init
[debug] [2025-12-02T09:12:17.587Z] CLI Version:   14.26.0
[debug] [2025-12-02T09:12:17.587Z] Platform:      darwin
[debug] [2025-12-02T09:12:17.587Z] Node Version:  v22.15.1
[debug] [2025-12-02T09:12:17.588Z] Time:          Tue Dec 02 2025 10:12:17 GMT+0100 (West Africa Standard Time)
[debug] [2025-12-02T09:12:17.588Z] ----------------------------------------------------------------------
[debug] 
[info] 
     ######## #### ########  ######## ########     ###     ######  ########
     ##        ##  ##     ## ##       ##     ##  ##   ##  ##       ##
     ######    ##  ########  ######   ########  #########  ######  ######
     ##        ##  ##    ##  ##       ##     ## ##     ##       ## ##
     ##       #### ##     ## ######## ########  ##     ##  ######  ########

You're about to initialize a Firebase project in this directory:

  /Applications/XAMPP/xamppfiles/htdocs/demo/management/bbv-Laundry

Before we get started, keep in mind:

  * You are currently outside your home directory

[info] 
=== Project Setup
[info] 
[info] First, let's associate this project directory with a Firebase project.
[info] You can create multiple project aliases by running firebase use --add, 
[info] 
[debug] [2025-12-02T09:12:48.525Z] > command requires scopes: ["email","openid","https://www.googleapis.com/auth/cloudplatformprojects.readonly","https://www.googleapis.com/auth/firebase","https://www.googleapis.com/auth/cloud-platform"]
[debug] [2025-12-02T09:12:48.526Z] > authorizing via signed-in user (iliyashatami20@gmail.com)
[debug] [2025-12-02T09:12:48.527Z] Checked if tokens are valid: true, expires at: 1764670253632
[debug] [2025-12-02T09:12:48.527Z] Checked if tokens are valid: true, expires at: 1764670253632
[debug] [2025-12-02T09:12:48.529Z] >>> [apiv2][query] GET https://firebase.googleapis.com/v1beta1/projects/laundry-management-b5198 [none]
[debug] [2025-12-02T09:12:49.225Z] <<< [apiv2][status] GET https://firebase.googleapis.com/v1beta1/projects/laundry-management-b5198 200
[debug] [2025-12-02T09:12:49.225Z] <<< [apiv2][body] GET https://firebase.googleapis.com/v1beta1/projects/laundry-management-b5198 {"projectId":"laundry-management-b5198","projectNumber":"253804986338","displayName":"laundry-management","name":"projects/laundry-management-b5198","resources":{"hostingSite":"laundry-management-b5198"},"state":"ACTIVE","etag":"1_2916b708-fb7e-4a43-85dc-96dd7102c680"}
[info] i  Using project laundry-management-b5198 (laundry-management) . 
[info] 
=== Functions Setup
[debug] [2025-12-02T09:12:49.250Z] > command requires scopes: ["email","openid","https://www.googleapis.com/auth/cloudplatformprojects.readonly","https://www.googleapis.com/auth/firebase","https://www.googleapis.com/auth/cloud-platform"]
[debug] [2025-12-02T09:12:49.250Z] > authorizing via signed-in user (iliyashatami20@gmail.com)
[debug] [2025-12-02T09:12:49.250Z] [iam] checking project laundry-management-b5198 for permissions ["firebase.projects.get"]
[debug] [2025-12-02T09:12:49.251Z] Checked if tokens are valid: true, expires at: 1764670253632
[debug] [2025-12-02T09:12:49.251Z] Checked if tokens are valid: true, expires at: 1764670253632
[debug] [2025-12-02T09:12:49.251Z] >>> [apiv2][query] POST https://cloudresourcemanager.googleapis.com/v1/projects/laundry-management-b5198:testIamPermissions [none]
[debug] [2025-12-02T09:12:49.251Z] >>> [apiv2][(partial)header] POST https://cloudresourcemanager.googleapis.com/v1/projects/laundry-management-b5198:testIamPermissions x-goog-quota-user=projects/laundry-management-b5198
[debug] [2025-12-02T09:12:49.251Z] >>> [apiv2][body] POST https://cloudresourcemanager.googleapis.com/v1/projects/laundry-management-b5198:testIamPermissions {"permissions":["firebase.projects.get"]}
[debug] [2025-12-02T09:12:56.959Z] <<< [apiv2][status] POST https://cloudresourcemanager.googleapis.com/v1/projects/laundry-management-b5198:testIamPermissions 200
[debug] [2025-12-02T09:12:56.959Z] <<< [apiv2][body] POST https://cloudresourcemanager.googleapis.com/v1/projects/laundry-management-b5198:testIamPermissions {"permissions":["firebase.projects.get"]}
[info] Let's create a new codebase for your functions.
[info] A directory corresponding to the codebase will be created in your project
[info] with sample code pre-configured.

[info] See https://firebase.google.com/docs/functions/organize-functions for
[info] more information on organizing your functions using codebases.

[info] Functions can be deployed with firebase deploy.

[info] ✔  Wrote functions/package.json 
[info] ✔  Wrote functions/.eslintrc.js 
[info] ✔  Wrote functions/index.js 
[info] ✔  Wrote functions/.gitignore 
[info] 
[error] NPM install failed, continuing with Firebase initialization...
[info] 
=== Hosting Setup
[debug] [2025-12-02T09:16:31.107Z] Checked if tokens are valid: true, expires at: 1764670253632
[debug] [2025-12-02T09:16:31.107Z] Checked if tokens are valid: true, expires at: 1764670253632
[debug] [2025-12-02T09:16:31.108Z] >>> [apiv2][query] GET https://firebase.googleapis.com/v1beta1/projects/laundry-management-b5198 [none]
[debug] [2025-12-02T09:16:31.752Z] <<< [apiv2][status] GET https://firebase.googleapis.com/v1beta1/projects/laundry-management-b5198 200
[debug] [2025-12-02T09:16:31.752Z] <<< [apiv2][body] GET https://firebase.googleapis.com/v1beta1/projects/laundry-management-b5198 {"projectId":"laundry-management-b5198","projectNumber":"253804986338","displayName":"laundry-management","name":"projects/laundry-management-b5198","resources":{"hostingSite":"laundry-management-b5198"},"state":"ACTIVE","etag":"1_2916b708-fb7e-4a43-85dc-96dd7102c680"}
[info] 
[info] Your public directory is the folder (relative to your project directory) that
[info] will contain Hosting assets to be uploaded with firebase deploy. If you
[info] have a build process for your assets, use your build's output directory.
[info] 
[debug] [2025-12-02T09:18:16.284Z] ExitPromptError: User force closed the prompt with SIGINT
    at Interface.sigint (/usr/local/lib/node_modules/firebase-tools/node_modules/@inquirer/core/dist/commonjs/lib/create-prompt.js:101:37)
    at Interface.emit (node:events:518:28)
    at Interface.emit (node:domain:489:12)
    at [_ttyWrite] [as _ttyWrite] (node:internal/readline/interface:1128:18)
    at ReadStream.onkeypress (node:internal/readline/interface:267:20)
    at ReadStream.emit (node:events:530:35)
    at ReadStream.emit (node:domain:489:12)
    at emitKeys (node:internal/readline/utils:370:14)
    at emitKeys.next (<anonymous>)
    at ReadStream.onData (node:internal/readline/emitKeypressEvents:64:36)
[error] 
[error] Error: An unexpected error has occurred.
[debug] [2025-12-02T09:31:02.674Z] ----------------------------------------------------------------------
[debug] [2025-12-02T09:31:02.677Z] Command:       /usr/local/bin/node /usr/local/bin/firebase init
[debug] [2025-12-02T09:31:02.678Z] CLI Version:   14.26.0
[debug] [2025-12-02T09:31:02.678Z] Platform:      darwin
[debug] [2025-12-02T09:31:02.678Z] Node Version:  v22.15.1
[debug] [2025-12-02T09:31:02.679Z] Time:          Tue Dec 02 2025 10:31:02 GMT+0100 (West Africa Standard Time)
[debug] [2025-12-02T09:31:02.679Z] ----------------------------------------------------------------------
[debug] 
[info] 
     ######## #### ########  ######## ########     ###     ######  ########
     ##        ##  ##     ## ##       ##     ##  ##   ##  ##       ##
     ######    ##  ########  ######   ########  #########  ######  ######
     ##        ##  ##    ##  ##       ##     ## ##     ##       ## ##
     ##       #### ##     ## ######## ########  ##     ##  ######  ########

You're about to initialize a Firebase project in this directory:

  /Applications/XAMPP/xamppfiles/htdocs/demo/management/bbv-Laundry

Before we get started, keep in mind:

  * You are currently outside your home directory

[info] 
=== Project Setup
[info] 
[info] First, let's associate this project directory with a Firebase project.
[info] You can create multiple project aliases by running firebase use --add, 
[info] 
[debug] [2025-12-02T09:32:31.031Z] > command requires scopes: ["email","openid","https://www.googleapis.com/auth/cloudplatformprojects.readonly","https://www.googleapis.com/auth/firebase","https://www.googleapis.com/auth/cloud-platform"]
[debug] [2025-12-02T09:32:31.031Z] > authorizing via signed-in user (iliyashatami20@gmail.com)
[debug] [2025-12-02T09:32:31.032Z] Checked if tokens are valid: true, expires at: 1764670253632
[debug] [2025-12-02T09:32:31.032Z] Checked if tokens are valid: true, expires at: 1764670253632
[debug] [2025-12-02T09:32:31.033Z] >>> [apiv2][query] GET https://firebase.googleapis.com/v1beta1/projects/laundry-management-b5198 [none]
[debug] [2025-12-02T09:32:31.747Z] <<< [apiv2][status] GET https://firebase.googleapis.com/v1beta1/projects/laundry-management-b5198 200
[debug] [2025-12-02T09:32:31.747Z] <<< [apiv2][body] GET https://firebase.googleapis.com/v1beta1/projects/laundry-management-b5198 {"projectId":"laundry-management-b5198","projectNumber":"253804986338","displayName":"laundry-management","name":"projects/laundry-management-b5198","resources":{"hostingSite":"laundry-management-b5198"},"state":"ACTIVE","etag":"1_2916b708-fb7e-4a43-85dc-96dd7102c680"}
[info] i  Using project laundry-management-b5198 (laundry-management) . 
[info] 
=== Firestore Setup
[info] i  firestore: ensuring required API firestore.googleapis.com is enabled... 
[debug] [2025-12-02T09:32:31.772Z] Checked if tokens are valid: true, expires at: 1764670253632
[debug] [2025-12-02T09:32:31.773Z] Checked if tokens are valid: true, expires at: 1764670253632
[debug] [2025-12-02T09:32:31.773Z] >>> [apiv2][query] GET https://serviceusage.googleapis.com/v1/projects/laundry-management-b5198/services/firestore.googleapis.com [none]
[debug] [2025-12-02T09:32:31.773Z] >>> [apiv2][(partial)header] GET https://serviceusage.googleapis.com/v1/projects/laundry-management-b5198/services/firestore.googleapis.com x-goog-quota-user=projects/laundry-management-b5198
[debug] [2025-12-02T09:32:39.326Z] <<< [apiv2][status] GET https://serviceusage.googleapis.com/v1/projects/laundry-management-b5198/services/firestore.googleapis.com 200
[debug] [2025-12-02T09:32:39.326Z] <<< [apiv2][body] GET https://serviceusage.googleapis.com/v1/projects/laundry-management-b5198/services/firestore.googleapis.com [omitted]
[info] ✔  firestore: required API firestore.googleapis.com is enabled 
[debug] [2025-12-02T09:32:39.349Z] Checked if tokens are valid: true, expires at: 1764670253632
[debug] [2025-12-02T09:32:39.349Z] Checked if tokens are valid: true, expires at: 1764670253632
[debug] [2025-12-02T09:32:39.349Z] >>> [apiv2][query] GET https://firestore.googleapis.com/v1/projects/laundry-management-b5198/databases [none]
[debug] [2025-12-02T09:32:40.382Z] <<< [apiv2][status] GET https://firestore.googleapis.com/v1/projects/laundry-management-b5198/databases 200
[debug] [2025-12-02T09:32:40.382Z] <<< [apiv2][body] GET https://firestore.googleapis.com/v1/projects/laundry-management-b5198/databases {"databases":[{"name":"projects/laundry-management-b5198/databases/(default)","uid":"9bd797e4-dbb6-40eb-a21e-0cd820d194eb","createTime":"2025-11-25T20:46:35.731712Z","updateTime":"2025-11-25T20:46:35.731712Z","locationId":"nam5","type":"FIRESTORE_NATIVE","concurrencyMode":"PESSIMISTIC","versionRetentionPeriod":"3600s","earliestVersionTime":"2025-12-02T08:32:41.119749Z","appEngineIntegrationMode":"DISABLED","keyPrefix":"s","pointInTimeRecoveryEnablement":"POINT_IN_TIME_RECOVERY_DISABLED","deleteProtectionState":"DELETE_PROTECTION_DISABLED","databaseEdition":"STANDARD","freeTier":true,"realtimeUpdatesMode":"REALTIME_UPDATES_MODE_ENABLED","etag":"ILz7zbfMnpEDMIDt3YqWjpED"}]}
[info] 
[info] Firestore Security Rules allow you to define how and when to allow
[info] requests. You can keep these rules in your project directory
[info] and publish them with firebase deploy.
[info] 
[debug] [2025-12-02T09:33:23.699Z] Checked if tokens are valid: true, expires at: 1764670253632
[debug] [2025-12-02T09:33:23.699Z] Checked if tokens are valid: true, expires at: 1764670253632
[debug] [2025-12-02T09:33:23.699Z] >>> [apiv2][query] GET https://firebaserules.googleapis.com/v1/projects/laundry-management-b5198/releases pageSize=10&pageToken=
[debug] [2025-12-02T09:33:25.033Z] <<< [apiv2][status] GET https://firebaserules.googleapis.com/v1/projects/laundry-management-b5198/releases 200
[debug] [2025-12-02T09:33:25.033Z] <<< [apiv2][body] GET https://firebaserules.googleapis.com/v1/projects/laundry-management-b5198/releases {"releases":[{"name":"projects/laundry-management-b5198/releases/cloud.firestore","rulesetName":"projects/laundry-management-b5198/rulesets/a08152c8-28dd-45a1-9051-9bd27dffd5bd","createTime":"2025-11-25T20:46:42.061466Z","updateTime":"2025-11-25T20:46:42.061466Z"}]}
[debug] [2025-12-02T09:33:25.033Z] Checked if tokens are valid: true, expires at: 1764670253632
[debug] [2025-12-02T09:33:25.033Z] Checked if tokens are valid: true, expires at: 1764670253632
[debug] [2025-12-02T09:33:25.033Z] >>> [apiv2][query] GET https://firebaserules.googleapis.com/v1/projects/laundry-management-b5198/rulesets/a08152c8-28dd-45a1-9051-9bd27dffd5bd [none]
[debug] [2025-12-02T09:33:25.792Z] <<< [apiv2][status] GET https://firebaserules.googleapis.com/v1/projects/laundry-management-b5198/rulesets/a08152c8-28dd-45a1-9051-9bd27dffd5bd 200
[debug] [2025-12-02T09:33:25.792Z] <<< [apiv2][body] GET https://firebaserules.googleapis.com/v1/projects/laundry-management-b5198/rulesets/a08152c8-28dd-45a1-9051-9bd27dffd5bd [omitted]
[info] i  Downloaded the existing Firestore Security Rules from the Firebase console 
[info] 
[info] Firestore indexes allow you to perform complex queries while
[info] maintaining performance that scales with the size of the result
[info] set. You can keep index definitions in your project directory
[info] and publish them with firebase deploy.
[info] 
[debug] [2025-12-02T09:33:42.430Z] Checked if tokens are valid: true, expires at: 1764670253632
[debug] [2025-12-02T09:33:42.430Z] Checked if tokens are valid: true, expires at: 1764670253632
[debug] [2025-12-02T09:33:42.430Z] Checked if tokens are valid: true, expires at: 1764670253632
[debug] [2025-12-02T09:33:42.430Z] Checked if tokens are valid: true, expires at: 1764670253632
[debug] [2025-12-02T09:33:42.430Z] >>> [apiv2][query] GET https://firestore.googleapis.com/v1/projects/laundry-management-b5198/databases/(default)/collectionGroups/-/indexes [none]
[debug] [2025-12-02T09:33:42.433Z] >>> [apiv2][query] GET https://firestore.googleapis.com/v1/projects/laundry-management-b5198/databases/(default)/collectionGroups/-/fields?filter=indexConfig.usesAncestorConfig=false OR ttlConfig:* [none]
[debug] [2025-12-02T09:33:43.890Z] <<< [apiv2][status] GET https://firestore.googleapis.com/v1/projects/laundry-management-b5198/databases/(default)/collectionGroups/-/fields?filter=indexConfig.usesAncestorConfig=false OR ttlConfig:* 200
[debug] [2025-12-02T09:33:43.890Z] <<< [apiv2][body] GET https://firestore.googleapis.com/v1/projects/laundry-management-b5198/databases/(default)/collectionGroups/-/fields?filter=indexConfig.usesAncestorConfig=false OR ttlConfig:* {"fields":[{"name":"projects/laundry-management-b5198/databases/(default)/collectionGroups/__default__/fields/*","indexConfig":{"indexes":[{"queryScope":"COLLECTION","fields":[{"fieldPath":"*","order":"ASCENDING"}],"state":"READY"},{"queryScope":"COLLECTION","fields":[{"fieldPath":"*","order":"DESCENDING"}],"state":"READY"},{"queryScope":"COLLECTION","fields":[{"fieldPath":"*","arrayConfig":"CONTAINS"}],"state":"READY"}]}}]}
[debug] [2025-12-02T09:33:43.899Z] <<< [apiv2][status] GET https://firestore.googleapis.com/v1/projects/laundry-management-b5198/databases/(default)/collectionGroups/-/indexes 200
[debug] [2025-12-02T09:33:43.899Z] <<< [apiv2][body] GET https://firestore.googleapis.com/v1/projects/laundry-management-b5198/databases/(default)/collectionGroups/-/indexes {}
[info] i  Downloaded the existing Firestore indexes from the Firebase console 
[info] ✔  Wrote firestore.rules 
[info] ✔  Wrote firestore.indexes.json 
[info] 
=== Functions Setup
[debug] [2025-12-02T09:33:43.907Z] > command requires scopes: ["email","openid","https://www.googleapis.com/auth/cloudplatformprojects.readonly","https://www.googleapis.com/auth/firebase","https://www.googleapis.com/auth/cloud-platform"]
[debug] [2025-12-02T09:33:43.907Z] > authorizing via signed-in user (iliyashatami20@gmail.com)
[debug] [2025-12-02T09:33:43.907Z] [iam] checking project laundry-management-b5198 for permissions ["firebase.projects.get"]
[debug] [2025-12-02T09:33:43.908Z] Checked if tokens are valid: true, expires at: 1764670253632
[debug] [2025-12-02T09:33:43.908Z] Checked if tokens are valid: true, expires at: 1764670253632
[debug] [2025-12-02T09:33:43.908Z] >>> [apiv2][query] POST https://cloudresourcemanager.googleapis.com/v1/projects/laundry-management-b5198:testIamPermissions [none]
[debug] [2025-12-02T09:33:43.908Z] >>> [apiv2][(partial)header] POST https://cloudresourcemanager.googleapis.com/v1/projects/laundry-management-b5198:testIamPermissions x-goog-quota-user=projects/laundry-management-b5198
[debug] [2025-12-02T09:33:43.908Z] >>> [apiv2][body] POST https://cloudresourcemanager.googleapis.com/v1/projects/laundry-management-b5198:testIamPermissions {"permissions":["firebase.projects.get"]}
[debug] [2025-12-02T09:33:45.117Z] <<< [apiv2][status] POST https://cloudresourcemanager.googleapis.com/v1/projects/laundry-management-b5198:testIamPermissions 200
[debug] [2025-12-02T09:33:45.117Z] <<< [apiv2][body] POST https://cloudresourcemanager.googleapis.com/v1/projects/laundry-management-b5198:testIamPermissions {"permissions":["firebase.projects.get"]}
[info] Let's create a new codebase for your functions.
[info] A directory corresponding to the codebase will be created in your project
[info] with sample code pre-configured.

[info] See https://firebase.google.com/docs/functions/organize-functions for
[info] more information on organizing your functions using codebases.

[info] Functions can be deployed with firebase deploy.

[info] i  functions/package.json is unchanged 
[info] i  functions/.eslintrc.js is unchanged 
[info] i  functions/index.js is unchanged 
[info] i  functions/.gitignore is unchanged 
[info] 
=== Hosting Setup
[debug] [2025-12-02T09:34:41.805Z] Checked if tokens are valid: true, expires at: 1764670253632
[debug] [2025-12-02T09:34:41.805Z] Checked if tokens are valid: true, expires at: 1764670253632
[debug] [2025-12-02T09:34:41.805Z] >>> [apiv2][query] GET https://firebase.googleapis.com/v1beta1/projects/laundry-management-b5198 [none]
[debug] [2025-12-02T09:34:42.439Z] <<< [apiv2][status] GET https://firebase.googleapis.com/v1beta1/projects/laundry-management-b5198 200
[debug] [2025-12-02T09:34:42.439Z] <<< [apiv2][body] GET https://firebase.googleapis.com/v1beta1/projects/laundry-management-b5198 {"projectId":"laundry-management-b5198","projectNumber":"253804986338","displayName":"laundry-management","name":"projects/laundry-management-b5198","resources":{"hostingSite":"laundry-management-b5198"},"state":"ACTIVE","etag":"1_2916b708-fb7e-4a43-85dc-96dd7102c680"}
[info] 
[info] Your public directory is the folder (relative to your project directory) that
[info] will contain Hosting assets to be uploaded with firebase deploy. If you
[info] have a build process for your assets, use your build's output directory.
[info] 
[info] 
[info] i  Didn't detect a .git folder. Assuming /Applications/XAMPP/xamppfiles/htdocs/demo/management/bbv-Laundry is the project root. 
[info] i  Authorizing with GitHub to upload your service account to a GitHub repository's secrets store. 
[info] 
[info] Visit this URL on this device to log in:
[info] https://github.com/login/oauth/authorize?client_id=89cf50f02ac6aaed3484&state=723047252&redirect_uri=http%3A%2F%2Flocalhost%3A9005&scope=read%3Auser%20repo%20public_repo
[info] 
[info] Waiting for authentication...
[debug] [2025-12-02T09:37:37.638Z] >>> [apiv2][query] POST https://github.com/login/oauth/access_token [none]
[debug] [2025-12-02T09:37:37.638Z] >>> [apiv2][body] POST https://github.com/login/oauth/access_token [stream]
[debug] [2025-12-02T09:37:38.339Z] <<< [apiv2][status] POST https://github.com/login/oauth/access_token 200
[debug] [2025-12-02T09:37:38.339Z] <<< [apiv2][body] POST https://github.com/login/oauth/access_token {"access_token":"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","token_type":"bearer","scope":"read:user,repo"}
[debug] [2025-12-02T09:37:38.351Z] >>> [apiv2][query] GET https://api.github.com/user [none]
[debug] [2025-12-02T09:37:39.242Z] <<< [apiv2][status] GET https://api.github.com/user 200
[debug] [2025-12-02T09:37:39.242Z] <<< [apiv2][body] GET https://api.github.com/user {"login":"Bumba-jr","id":77081448,"node_id":"MDQ6VXNlcjc3MDgxNDQ4","avatar_url":"https://avatars.githubusercontent.com/u/77081448?v=4","gravatar_id":"","url":"https://api.github.com/users/Bumba-jr","html_url":"https://github.com/Bumba-jr","followers_url":"https://api.github.com/users/Bumba-jr/followers","following_url":"https://api.github.com/users/Bumba-jr/following{/other_user}","gists_url":"https://api.github.com/users/Bumba-jr/gists{/gist_id}","starred_url":"https://api.github.com/users/Bumba-jr/starred{/owner}{/repo}","subscriptions_url":"https://api.github.com/users/Bumba-jr/subscriptions","organizations_url":"https://api.github.com/users/Bumba-jr/orgs","repos_url":"https://api.github.com/users/Bumba-jr/repos","events_url":"https://api.github.com/users/Bumba-jr/events{/privacy}","received_events_url":"https://api.github.com/users/Bumba-jr/received_events","type":"User","user_view_type":"private","site_admin":false,"name":null,"company":null,"blog":"","location":null,"email":null,"hireable":null,"bio":null,"twitter_username":null,"notification_email":null,"public_repos":16,"public_gists":0,"followers":0,"following":2,"created_at":"2021-01-06T23:32:01Z","updated_at":"2025-11-26T16:18:36Z","private_gists":0,"total_private_repos":1,"owned_private_repos":1,"disk_usage":109882,"collaborators":0,"two_factor_authentication":false,"plan":{"name":"free","space":976562499,"collaborators":0,"private_repos":10000}}
[info] 
[info] ✔  Success! Logged into GitHub as Bumba-jr 
[info] 
